d:\koodaus projekteja\edge-detection\edgedetection\debug\vc140.pdb
d:\koodaus projekteja\edge-detection\edgedetection\debug\vc140.idb
d:\koodaus projekteja\edge-detection\edgedetection\debug\edgealgorithms.obj
d:\koodaus projekteja\edge-detection\edgedetection\debug\main.obj
d:\koodaus projekteja\edge-detection\edgedetection\debug\sobel.obj
d:\koodaus projekteja\edgedetection\debug\vc140.pdb
d:\koodaus projekteja\edgedetection\debug\vc140.idb
d:\koodaus projekteja\edgedetection\debug\edgealgorithms.obj
d:\koodaus projekteja\edgedetection\debug\main.obj
d:\koodaus projekteja\edgedetection\debug\sobel.obj
d:\koodaus projekteja\edge-detection\debug\edgedetection.ilk
d:\koodaus projekteja\edge-detection\debug\edgedetection.exe
d:\koodaus projekteja\edge-detection\debug\edgedetection.pdb
d:\koodaus projekteja\edgedetection\debug\edgedetection.ilk
d:\koodaus projekteja\edgedetection\debug\edgedetection.exe
d:\koodaus projekteja\edgedetection\debug\edgedetection.pdb
d:\koodaus projekteja\edgedetection\debug\edgedetection.tlog\cl.command.1.tlog
d:\koodaus projekteja\edgedetection\debug\edgedetection.tlog\cl.read.1.tlog
d:\koodaus projekteja\edgedetection\debug\edgedetection.tlog\cl.write.1.tlog
d:\koodaus projekteja\edgedetection\debug\edgedetection.tlog\link.command.1.tlog
d:\koodaus projekteja\edgedetection\debug\edgedetection.tlog\link.read.1.tlog
d:\koodaus projekteja\edgedetection\debug\edgedetection.tlog\link.write.1.tlog
